Collecting scikit-learn
  Downloading https://files.pythonhosted.org/packages/f7/bb/52a01390c1dbb2c65d3072bc687271aa9ddf6964141ce7e03304820138f4/scikit_learn-0.20.3-cp27-cp27mu-manylinux1_x86_64.whl (5.5MB)
    100% |████████████████████████████████| 5.5MB 197kB/s 
Collecting theano
  Downloading https://files.pythonhosted.org/packages/7d/c4/6341148ad458b6cd8361b774d7ee6895c38eab88f05331f22304c484ed5d/Theano-1.0.4.tar.gz (2.8MB)
    100% |████████████████████████████████| 2.8MB 391kB/s 
Collecting tensorflow
  Downloading https://files.pythonhosted.org/packages/d2/ea/ab2c8c0e81bd051cc1180b104c75a865ab0fc66c89be992c4b20bbf6d624/tensorflow-1.13.1-cp27-cp27mu-manylinux1_x86_64.whl (92.5MB)
    100% |████████████████████████████████| 92.5MB 12kB/s 
Requirement already satisfied: numpy>=1.8.2 in /usr/lib64/python2.7/site-packages (from scikit-learn)
Requirement already satisfied: scipy>=0.13.3 in /home/anand/.local/lib/python2.7/site-packages (from scikit-learn)
Requirement already satisfied: six>=1.9.0 in /usr/lib/python2.7/site-packages (from theano)
Collecting keras-preprocessing>=1.0.5 (from tensorflow)
  Downloading https://files.pythonhosted.org/packages/c0/bf/0315ef6a9fd3fc2346e85b0ff1f5f83ca17073f2c31ac719ab2e4da0d4a3/Keras_Preprocessing-1.0.9-py2.py3-none-any.whl (59kB)
    100% |████████████████████████████████| 61kB 2.9MB/s 
Requirement already satisfied: enum34>=1.1.6 in /home/anand/.local/lib/python2.7/site-packages (from tensorflow)
Collecting astor>=0.6.0 (from tensorflow)
  Downloading https://files.pythonhosted.org/packages/35/6b/11530768cac581a12952a2aad00e1526b89d242d0b9f59534ef6e6a1752f/astor-0.7.1-py2.py3-none-any.whl
Collecting backports.weakref>=1.0rc1 (from tensorflow)
  Downloading https://files.pythonhosted.org/packages/88/ec/f598b633c3d5ffe267aaada57d961c94fdfa183c5c3ebda2b6d151943db6/backports.weakref-1.0.post1-py2.py3-none-any.whl
Collecting wheel (from tensorflow)
  Downloading https://files.pythonhosted.org/packages/96/ba/a4702cbb6a3a485239fbe9525443446203f00771af9ac000fa3ef2788201/wheel-0.33.1-py2.py3-none-any.whl
Collecting mock>=2.0.0 (from tensorflow)
  Downloading https://files.pythonhosted.org/packages/24/15/ced6036cb01628f17cb9b8c43426b9d32ae68143221d99cd3f630bffddae/mock-3.0.3-py2.py3-none-any.whl
Collecting tensorflow-estimator<1.14.0rc0,>=1.13.0 (from tensorflow)
  Downloading https://files.pythonhosted.org/packages/bb/48/13f49fc3fa0fdf916aa1419013bb8f2ad09674c275b4046d5ee669a46873/tensorflow_estimator-1.13.0-py2.py3-none-any.whl (367kB)
    100% |████████████████████████████████| 368kB 1.3MB/s 
Collecting gast>=0.2.0 (from tensorflow)
  Downloading https://files.pythonhosted.org/packages/4e/35/11749bf99b2d4e3cceb4d55ca22590b0d7c2c62b9de38ac4a4a7f4687421/gast-0.2.2.tar.gz
Collecting termcolor>=1.1.0 (from tensorflow)
  Downloading https://files.pythonhosted.org/packages/8a/48/a76be51647d0eb9f10e2a4511bf3ffb8cc1e6b14e9e4fab46173aa79f981/termcolor-1.1.0.tar.gz
Collecting protobuf>=3.6.1 (from tensorflow)
  Downloading https://files.pythonhosted.org/packages/ea/72/5eadea03b06ca1320be2433ef2236155da17806b700efc92677ee99ae119/protobuf-3.7.1-cp27-cp27mu-manylinux1_x86_64.whl (1.2MB)
    100% |████████████████████████████████| 1.2MB 685kB/s 
Collecting absl-py>=0.1.6 (from tensorflow)
  Downloading https://files.pythonhosted.org/packages/da/3f/9b0355080b81b15ba6a9ffcf1f5ea39e307a2778b2f2dc8694724e8abd5b/absl-py-0.7.1.tar.gz (99kB)
    100% |████████████████████████████████| 102kB 4.3MB/s 
Collecting tensorboard<1.14.0,>=1.13.0 (from tensorflow)
  Downloading https://files.pythonhosted.org/packages/89/ac/48dd71c2bdc8d31e367f9b72f25ccb3b89bc6b9d664fee21f9a8efa5714d/tensorboard-1.13.1-py2-none-any.whl (3.2MB)
    100% |████████████████████████████████| 3.2MB 296kB/s 
Collecting keras-applications>=1.0.6 (from tensorflow)
  Downloading https://files.pythonhosted.org/packages/90/85/64c82949765cfb246bbdaf5aca2d55f400f792655927a017710a78445def/Keras_Applications-1.0.7-py2.py3-none-any.whl (51kB)
    100% |████████████████████████████████| 61kB 6.4MB/s 
Collecting grpcio>=1.8.6 (from tensorflow)
  Downloading https://files.pythonhosted.org/packages/71/f4/175dc28565a59860912c11d859d15d829b8f0e6fe0c8dc7405c6560d52e1/grpcio-1.20.1-cp27-cp27mu-manylinux1_x86_64.whl (2.1MB)
    100% |████████████████████████████████| 2.1MB 437kB/s 
Collecting funcsigs>=1; python_version < "3.3" (from mock>=2.0.0->tensorflow)
  Downloading https://files.pythonhosted.org/packages/69/cb/f5be453359271714c01b9bd06126eaf2e368f1fddfff30818754b5ac2328/funcsigs-1.0.2-py2.py3-none-any.whl
Requirement already satisfied: setuptools in /usr/lib/python2.7/site-packages (from protobuf>=3.6.1->tensorflow)
Collecting futures>=3.1.1; python_version < "3" (from tensorboard<1.14.0,>=1.13.0->tensorflow)
  Downloading https://files.pythonhosted.org/packages/2d/99/b2c4e9d5a30f6471e410a146232b4118e697fa3ffc06d6a65efde84debd0/futures-3.2.0-py2-none-any.whl
Collecting werkzeug>=0.11.15 (from tensorboard<1.14.0,>=1.13.0->tensorflow)
  Downloading https://files.pythonhosted.org/packages/18/79/84f02539cc181cdbf5ff5a41b9f52cae870b6f632767e43ba6ac70132e92/Werkzeug-0.15.2-py2.py3-none-any.whl (328kB)
    100% |████████████████████████████████| 337kB 1.9MB/s 
Collecting markdown>=2.6.8 (from tensorboard<1.14.0,>=1.13.0->tensorflow)
  Downloading https://files.pythonhosted.org/packages/f5/e4/d8c18f2555add57ff21bf25af36d827145896a07607486cc79a2aea641af/Markdown-3.1-py2.py3-none-any.whl (87kB)
    100% |████████████████████████████████| 92kB 4.4MB/s 
Collecting h5py (from keras-applications>=1.0.6->tensorflow)
  Downloading https://files.pythonhosted.org/packages/53/08/27e4e9a369321862ffdce80ff1770553e9daec65d98befb2e14e7478b698/h5py-2.9.0-cp27-cp27mu-manylinux1_x86_64.whl (2.8MB)
    100% |████████████████████████████████| 2.8MB 365kB/s 
Installing collected packages: scikit-learn, theano, keras-preprocessing, astor, backports.weakref, wheel, funcsigs, mock, absl-py, tensorflow-estimator, gast, termcolor, protobuf, futures, grpcio, werkzeug, markdown, tensorboard, h5py, keras-applications, tensorflow
Exception:
Traceback (most recent call last):
  File "/usr/lib/python2.7/site-packages/pip/basecommand.py", line 215, in main
    status = self.run(options, args)
  File "/usr/lib/python2.7/site-packages/pip/commands/install.py", line 365, in run
    strip_file_prefix=options.strip_file_prefix,
  File "/usr/lib/python2.7/site-packages/pip/req/req_set.py", line 784, in install
    **kwargs
  File "/usr/lib/python2.7/site-packages/pip/req/req_install.py", line 854, in install
    strip_file_prefix=strip_file_prefix
  File "/usr/lib/python2.7/site-packages/pip/req/req_install.py", line 1069, in move_wheel_files
    strip_file_prefix=strip_file_prefix,
  File "/usr/lib/python2.7/site-packages/pip/wheel.py", line 345, in move_wheel_files
    clobber(source, lib_dir, True)
  File "/usr/lib/python2.7/site-packages/pip/wheel.py", line 316, in clobber
    ensure_dir(destdir)
  File "/usr/lib/python2.7/site-packages/pip/utils/__init__.py", line 83, in ensure_dir
    os.makedirs(path)
  File "/usr/lib64/python2.7/os.py", line 157, in makedirs
    mkdir(name, mode)
OSError: [Errno 13] Permission denied: '/usr/lib64/python2.7/site-packages/scikit_learn-0.20.3.dist-info'
Collecting scrappy
  Downloading https://files.pythonhosted.org/packages/b4/df/dcd763f44aea90fbd58b4e7f7c8be95ade7d130cd21251fc0d93c295b1f0/Scrappy-0.3.0.alpha.4.tar.gz
Collecting nltk
  Downloading https://files.pythonhosted.org/packages/73/56/90178929712ce427ebad179f8dc46c8deef4e89d4c853092bee1efd57d05/nltk-3.4.1.zip (3.1MB)
    100% |████████████████████████████████| 3.1MB 290kB/s 
Collecting pattern
  Downloading https://files.pythonhosted.org/packages/1e/07/b0e61b6c818ed4b6145fe01d1c341223aa6cfbc3928538ad1f2b890924a3/Pattern-3.6.0.tar.gz (22.2MB)
    100% |████████████████████████████████| 22.3MB 50kB/s 
Collecting guessit (from scrappy)
  Downloading https://files.pythonhosted.org/packages/da/b6/8948ebd60686263b23d96ad7246b3f39b7033ea45bde9fa1e38d0eedc351/guessit-3.0.3.tar.gz (137kB)
    100% |████████████████████████████████| 143kB 2.7MB/s 
Collecting tvdb_api (from scrappy)
  Downloading https://files.pythonhosted.org/packages/ba/c5/abcff2dd75e63daae3466fffd05a28428e57828f8b878125571a8e8343a8/tvdb_api-2.0.tar.gz
Collecting hachoir-metadata (from scrappy)
  Downloading https://files.pythonhosted.org/packages/98/89/f31ba1431ed7627032338cd009eaeb65dfad1311fa1437107c406fcb025e/hachoir-metadata-1.3.3.tar.gz (52kB)
    100% |████████████████████████████████| 61kB 6.3MB/s 
Collecting hachoir-core (from scrappy)
  Downloading https://files.pythonhosted.org/packages/26/c1/2d2e5996c7488bdc2d3dcd14de5ace6e8f8f334b4896e932a21d5572cdfc/hachoir-core-1.3.3.tar.gz (91kB)
    100% |████████████████████████████████| 92kB 5.3MB/s 
Collecting hachoir-parser (from scrappy)
  Downloading https://files.pythonhosted.org/packages/6a/ad/037c6b8a614c7f8d4eeb2993bf19ad4ea19a9506d268f808e10644081286/hachoir-parser-1.3.4.tar.gz (359kB)
    100% |████████████████████████████████| 368kB 1.4MB/s 
Collecting chardet (from scrappy)
  Downloading https://files.pythonhosted.org/packages/bc/a9/01ffebfb562e4274b6487b4bb1ddec7ca55ec7510b22e4c51f14098443b8/chardet-3.0.4-py2.py3-none-any.whl (133kB)
    100% |████████████████████████████████| 143kB 4.1MB/s 
Requirement already satisfied: six in /usr/lib/python2.7/site-packages (from nltk)
Collecting singledispatch (from nltk)
  Downloading https://files.pythonhosted.org/packages/c5/10/369f50bcd4621b263927b0a1519987a04383d4a98fb10438042ad410cf88/singledispatch-3.4.0.3-py2.py3-none-any.whl
Collecting future (from pattern)
  Downloading https://files.pythonhosted.org/packages/90/52/e20466b85000a181e1e144fd8305caf2cf475e2f9674e797b222f8105f5f/future-0.17.1.tar.gz (829kB)
    100% |████████████████████████████████| 829kB 1.1MB/s 
Collecting backports.csv (from pattern)
  Downloading https://files.pythonhosted.org/packages/8e/26/a6bd68f13e0f38fbb643d6e497fc3462be83a0b6c4d43425c78bb51a7291/backports.csv-1.0.7-py2.py3-none-any.whl
Collecting mysqlclient (from pattern)
  Downloading https://files.pythonhosted.org/packages/f4/f1/3bb6f64ca7a429729413e6556b7ba5976df06019a5245a43d36032f1061e/mysqlclient-1.4.2.post1.tar.gz (85kB)
    100% |████████████████████████████████| 92kB 2.6MB/s 
    Complete output from command python setup.py egg_info:
    sh: mysql_config: command not found
    Traceback (most recent call last):
      File "<string>", line 1, in <module>
      File "/tmp/pip-build-Ft8Mxc/mysqlclient/setup.py", line 16, in <module>
        metadata, options = get_config()
      File "setup_posix.py", line 51, in get_config
        libs = mysql_config("libs")
      File "setup_posix.py", line 29, in mysql_config
        raise EnvironmentError("%s not found" % (_mysql_config_path,))
    EnvironmentError: mysql_config not found
    
    ----------------------------------------
Command "python setup.py egg_info" failed with error code 1 in /tmp/pip-build-Ft8Mxc/mysqlclient/
Collecting seaborn
  Downloading https://files.pythonhosted.org/packages/7a/bf/04cfcfc9616cedd4b5dd24dfc40395965ea9f50c1db0d3f3e52b050f74a5/seaborn-0.9.0.tar.gz (198kB)
    100% |████████████████████████████████| 204kB 2.6MB/s 
Collecting bokeh
  Downloading https://files.pythonhosted.org/packages/55/3b/14ab63362486a2c9593bff66b813e34b71d16ad65b5f7d4bfe4934f17ffb/bokeh-1.1.0.tar.gz (17.5MB)
    100% |████████████████████████████████| 17.5MB 67kB/s 
Collecting basemap
  Could not find a version that satisfies the requirement basemap (from versions: )
No matching distribution found for basemap
Collecting requests
  Downloading https://files.pythonhosted.org/packages/7d/e3/20f3d364d6c8e5d2353c72a67778eb189176f08e873c9900e10c0287b84b/requests-2.21.0-py2.py3-none-any.whl (57kB)
    100% |████████████████████████████████| 61kB 2.6MB/s 
Collecting urllib3<1.25,>=1.21.1 (from requests)
  Downloading https://files.pythonhosted.org/packages/01/11/525b02e4acc0c747de8b6ccdab376331597c569c42ea66ab0a1dbd36eca2/urllib3-1.24.3-py2.py3-none-any.whl (118kB)
    100% |████████████████████████████████| 122kB 3.7MB/s 
Collecting chardet<3.1.0,>=3.0.2 (from requests)
  Using cached https://files.pythonhosted.org/packages/bc/a9/01ffebfb562e4274b6487b4bb1ddec7ca55ec7510b22e4c51f14098443b8/chardet-3.0.4-py2.py3-none-any.whl
Collecting idna<2.9,>=2.5 (from requests)
  Downloading https://files.pythonhosted.org/packages/14/2c/cd551d81dbe15200be1cf41cd03869a46fe7226e7450af7a6545bfc474c9/idna-2.8-py2.py3-none-any.whl (58kB)
    100% |████████████████████████████████| 61kB 6.6MB/s 
Collecting certifi>=2017.4.17 (from requests)
  Downloading https://files.pythonhosted.org/packages/60/75/f692a584e85b7eaba0e03827b3d51f45f571c2e793dd731e598828d380aa/certifi-2019.3.9-py2.py3-none-any.whl (158kB)
    100% |████████████████████████████████| 163kB 1.9MB/s 
Installing collected packages: urllib3, chardet, idna, certifi, requests
Exception:
Traceback (most recent call last):
  File "/usr/lib/python2.7/site-packages/pip/basecommand.py", line 215, in main
    status = self.run(options, args)
  File "/usr/lib/python2.7/site-packages/pip/commands/install.py", line 365, in run
    strip_file_prefix=options.strip_file_prefix,
  File "/usr/lib/python2.7/site-packages/pip/req/req_set.py", line 784, in install
    **kwargs
  File "/usr/lib/python2.7/site-packages/pip/req/req_install.py", line 854, in install
    strip_file_prefix=strip_file_prefix
  File "/usr/lib/python2.7/site-packages/pip/req/req_install.py", line 1069, in move_wheel_files
    strip_file_prefix=strip_file_prefix,
  File "/usr/lib/python2.7/site-packages/pip/wheel.py", line 345, in move_wheel_files
    clobber(source, lib_dir, True)
  File "/usr/lib/python2.7/site-packages/pip/wheel.py", line 316, in clobber
    ensure_dir(destdir)
  File "/usr/lib/python2.7/site-packages/pip/utils/__init__.py", line 83, in ensure_dir
    os.makedirs(path)
  File "/usr/lib64/python2.7/os.py", line 157, in makedirs
    mkdir(name, mode)
OSError: [Errno 13] Permission denied: '/usr/lib/python2.7/site-packages/urllib3-1.24.3.dist-info'
Collecting scikit-learn
  Downloading https://files.pythonhosted.org/packages/5e/82/c0de5839d613b82bddd088599ac0bbfbbbcbd8ca470680658352d2c435bd/scikit_learn-0.20.3-cp36-cp36m-manylinux1_x86_64.whl (5.4MB)
    100% |████████████████████████████████| 5.4MB 245kB/s 
Collecting theano
  Using cached https://files.pythonhosted.org/packages/7d/c4/6341148ad458b6cd8361b774d7ee6895c38eab88f05331f22304c484ed5d/Theano-1.0.4.tar.gz
Collecting tensorflow
  Downloading https://files.pythonhosted.org/packages/77/63/a9fa76de8dffe7455304c4ed635be4aa9c0bacef6e0633d87d5f54530c5c/tensorflow-1.13.1-cp36-cp36m-manylinux1_x86_64.whl (92.5MB)
    100% |████████████████████████████████| 92.5MB 13kB/s 
Requirement already satisfied: numpy>=1.8.2 in /home/anand/.local/lib/python3.6/site-packages (from scikit-learn)
Requirement already satisfied: scipy>=0.13.3 in /home/anand/.local/lib/python3.6/site-packages (from scikit-learn)
Requirement already satisfied: six>=1.9.0 in /usr/lib/python3.6/site-packages (from theano)
Collecting keras-applications>=1.0.6 (from tensorflow)
  Using cached https://files.pythonhosted.org/packages/90/85/64c82949765cfb246bbdaf5aca2d55f400f792655927a017710a78445def/Keras_Applications-1.0.7-py2.py3-none-any.whl
Collecting gast>=0.2.0 (from tensorflow)
  Using cached https://files.pythonhosted.org/packages/4e/35/11749bf99b2d4e3cceb4d55ca22590b0d7c2c62b9de38ac4a4a7f4687421/gast-0.2.2.tar.gz
Collecting astor>=0.6.0 (from tensorflow)
  Using cached https://files.pythonhosted.org/packages/35/6b/11530768cac581a12952a2aad00e1526b89d242d0b9f59534ef6e6a1752f/astor-0.7.1-py2.py3-none-any.whl
Collecting tensorboard<1.14.0,>=1.13.0 (from tensorflow)
  Downloading https://files.pythonhosted.org/packages/0f/39/bdd75b08a6fba41f098b6cb091b9e8c7a80e1b4d679a581a0ccd17b10373/tensorboard-1.13.1-py3-none-any.whl (3.2MB)
    100% |████████████████████████████████| 3.2MB 360kB/s 
Collecting tensorflow-estimator<1.14.0rc0,>=1.13.0 (from tensorflow)
  Using cached https://files.pythonhosted.org/packages/bb/48/13f49fc3fa0fdf916aa1419013bb8f2ad09674c275b4046d5ee669a46873/tensorflow_estimator-1.13.0-py2.py3-none-any.whl
Collecting termcolor>=1.1.0 (from tensorflow)
  Using cached https://files.pythonhosted.org/packages/8a/48/a76be51647d0eb9f10e2a4511bf3ffb8cc1e6b14e9e4fab46173aa79f981/termcolor-1.1.0.tar.gz
Collecting grpcio>=1.8.6 (from tensorflow)
  Downloading https://files.pythonhosted.org/packages/0a/9d/8bd5d0e516b196f59f1c4439b424b8d4fa62d492a4b531aae322d2d82a7b/grpcio-1.20.1-cp36-cp36m-manylinux1_x86_64.whl (2.1MB)
    100% |████████████████████████████████| 2.2MB 506kB/s 
Collecting absl-py>=0.1.6 (from tensorflow)
  Using cached https://files.pythonhosted.org/packages/da/3f/9b0355080b81b15ba6a9ffcf1f5ea39e307a2778b2f2dc8694724e8abd5b/absl-py-0.7.1.tar.gz
Collecting wheel>=0.26 (from tensorflow)
  Using cached https://files.pythonhosted.org/packages/96/ba/a4702cbb6a3a485239fbe9525443446203f00771af9ac000fa3ef2788201/wheel-0.33.1-py2.py3-none-any.whl
Collecting protobuf>=3.6.1 (from tensorflow)
  Downloading https://files.pythonhosted.org/packages/5a/aa/a858df367b464f5e9452e1c538aa47754d467023850c00b000287750fa77/protobuf-3.7.1-cp36-cp36m-manylinux1_x86_64.whl (1.2MB)
    100% |████████████████████████████████| 1.2MB 784kB/s 
Collecting keras-preprocessing>=1.0.5 (from tensorflow)
  Using cached https://files.pythonhosted.org/packages/c0/bf/0315ef6a9fd3fc2346e85b0ff1f5f83ca17073f2c31ac719ab2e4da0d4a3/Keras_Preprocessing-1.0.9-py2.py3-none-any.whl
Collecting h5py (from keras-applications>=1.0.6->tensorflow)
  Downloading https://files.pythonhosted.org/packages/30/99/d7d4fbf2d02bb30fb76179911a250074b55b852d34e98dd452a9f394ac06/h5py-2.9.0-cp36-cp36m-manylinux1_x86_64.whl (2.8MB)
    100% |████████████████████████████████| 2.8MB 452kB/s 
Collecting werkzeug>=0.11.15 (from tensorboard<1.14.0,>=1.13.0->tensorflow)
  Using cached https://files.pythonhosted.org/packages/18/79/84f02539cc181cdbf5ff5a41b9f52cae870b6f632767e43ba6ac70132e92/Werkzeug-0.15.2-py2.py3-none-any.whl
Collecting markdown>=2.6.8 (from tensorboard<1.14.0,>=1.13.0->tensorflow)
  Using cached https://files.pythonhosted.org/packages/f5/e4/d8c18f2555add57ff21bf25af36d827145896a07607486cc79a2aea641af/Markdown-3.1-py2.py3-none-any.whl
Collecting mock>=2.0.0 (from tensorflow-estimator<1.14.0rc0,>=1.13.0->tensorflow)
  Using cached https://files.pythonhosted.org/packages/24/15/ced6036cb01628f17cb9b8c43426b9d32ae68143221d99cd3f630bffddae/mock-3.0.3-py2.py3-none-any.whl
Requirement already satisfied: setuptools in /usr/lib/python3.6/site-packages (from protobuf>=3.6.1->tensorflow)
Installing collected packages: scikit-learn, theano, h5py, keras-applications, gast, astor, protobuf, wheel, grpcio, werkzeug, markdown, absl-py, tensorboard, mock, tensorflow-estimator, termcolor, keras-preprocessing, tensorflow
Exception:
Traceback (most recent call last):
  File "/usr/lib/python3.6/site-packages/pip/basecommand.py", line 215, in main
    status = self.run(options, args)
  File "/usr/lib/python3.6/site-packages/pip/commands/install.py", line 365, in run
    strip_file_prefix=options.strip_file_prefix,
  File "/usr/lib/python3.6/site-packages/pip/req/req_set.py", line 784, in install
    **kwargs
  File "/usr/lib/python3.6/site-packages/pip/req/req_install.py", line 854, in install
    strip_file_prefix=strip_file_prefix
  File "/usr/lib/python3.6/site-packages/pip/req/req_install.py", line 1069, in move_wheel_files
    strip_file_prefix=strip_file_prefix,
  File "/usr/lib/python3.6/site-packages/pip/wheel.py", line 345, in move_wheel_files
    clobber(source, lib_dir, True)
  File "/usr/lib/python3.6/site-packages/pip/wheel.py", line 287, in clobber
    ensure_dir(dest)  # common for the 'include' path
  File "/usr/lib/python3.6/site-packages/pip/utils/__init__.py", line 83, in ensure_dir
    os.makedirs(path)
  File "/usr/lib64/python3.6/os.py", line 210, in makedirs
    makedirs(head, mode, exist_ok)
  File "/usr/lib64/python3.6/os.py", line 220, in makedirs
    mkdir(name, mode)
PermissionError: [Errno 13] Permission denied: '/usr/local/lib64/python3.6'
Collecting scrappy
  Using cached https://files.pythonhosted.org/packages/b4/df/dcd763f44aea90fbd58b4e7f7c8be95ade7d130cd21251fc0d93c295b1f0/Scrappy-0.3.0.alpha.4.tar.gz
Collecting nltk
  Using cached https://files.pythonhosted.org/packages/73/56/90178929712ce427ebad179f8dc46c8deef4e89d4c853092bee1efd57d05/nltk-3.4.1.zip
Collecting pattern
  Using cached https://files.pythonhosted.org/packages/1e/07/b0e61b6c818ed4b6145fe01d1c341223aa6cfbc3928538ad1f2b890924a3/Pattern-3.6.0.tar.gz
Collecting guessit (from scrappy)
  Using cached https://files.pythonhosted.org/packages/da/b6/8948ebd60686263b23d96ad7246b3f39b7033ea45bde9fa1e38d0eedc351/guessit-3.0.3.tar.gz
Collecting tvdb_api (from scrappy)
  Using cached https://files.pythonhosted.org/packages/ba/c5/abcff2dd75e63daae3466fffd05a28428e57828f8b878125571a8e8343a8/tvdb_api-2.0.tar.gz
Collecting hachoir-metadata (from scrappy)
  Using cached https://files.pythonhosted.org/packages/98/89/f31ba1431ed7627032338cd009eaeb65dfad1311fa1437107c406fcb025e/hachoir-metadata-1.3.3.tar.gz
    Complete output from command python setup.py egg_info:
    Traceback (most recent call last):
      File "<string>", line 1, in <module>
      File "/tmp/pip-build-cuuflcxu/hachoir-metadata/setup.py", line 65
        except OSError, err:
                      ^
    SyntaxError: invalid syntax
    
    ----------------------------------------
Command "python setup.py egg_info" failed with error code 1 in /tmp/pip-build-cuuflcxu/hachoir-metadata/
Collecting seaborn
  Downloading https://files.pythonhosted.org/packages/a8/76/220ba4420459d9c4c9c9587c6ce607bf56c25b3d3d2de62056efe482dadc/seaborn-0.9.0-py3-none-any.whl (208kB)
    100% |████████████████████████████████| 215kB 1.5MB/s 
Collecting bokeh
  Using cached https://files.pythonhosted.org/packages/55/3b/14ab63362486a2c9593bff66b813e34b71d16ad65b5f7d4bfe4934f17ffb/bokeh-1.1.0.tar.gz
Collecting basemap
  Could not find a version that satisfies the requirement basemap (from versions: )
No matching distribution found for basemap
Requirement already satisfied: requests in /usr/lib/python3.6/site-packages
Requirement already satisfied: chardet<3.1.0,>=3.0.2 in /usr/lib/python3.6/site-packages (from requests)
Requirement already satisfied: idna<2.8,>=2.5 in /usr/lib/python3.6/site-packages (from requests)
Requirement already satisfied: urllib3<1.25,>=1.21.1 in /usr/lib/python3.6/site-packages (from requests)
