Last metadata expiration check: 0:04:09 ago on Thu 02 May 2019 04:43:18 AM +08.
Package sssd-1.16.3-2.fc28.x86_64 is already installed, skipping.
Dependencies resolved.
Nothing to do.
Complete!
Dependencies resolved.
================================================================================
 Package                Arch       Version           Repository            Size
================================================================================
Removing:
 sssd                   x86_64     1.16.3-2.fc28     @updates              34 k
Removing dependent packages:
 sssd-ipa               x86_64     1.16.3-2.fc28     @updates             695 k
 sssd-ldap              x86_64     1.16.3-2.fc28     @updates             140 k
Removing unused dependencies:
 adcli                  x86_64     0.8.0-6.fc28      @koji-override-0     244 k
 libipa_hbac            x86_64     1.16.3-2.fc28     @updates              57 k
 python3-sssdconfig     noarch     1.16.3-2.fc28     @updates             185 k
 sssd-ad                x86_64     1.16.3-2.fc28     @updates             359 k
 sssd-common-pac        x86_64     1.16.3-2.fc28     @updates             256 k
 sssd-krb5              x86_64     1.16.3-2.fc28     @updates              84 k
 sssd-krb5-common       x86_64     1.16.3-2.fc28     @updates             278 k
 sssd-proxy             x86_64     1.16.3-2.fc28     @updates             136 k

Transaction Summary
================================================================================
Remove  11 Packages

Freed space: 2.4 M
Running transaction check
Transaction check succeeded.
Running transaction test
Transaction test succeeded.
Running transaction
  Preparing        :                                                        1/1 
  Erasing          : sssd-1.16.3-2.fc28.x86_64                             1/11 
  Erasing          : sssd-ipa-1.16.3-2.fc28.x86_64                         2/11 
  Erasing          : sssd-ad-1.16.3-2.fc28.x86_64                          3/11 
  Erasing          : sssd-krb5-1.16.3-2.fc28.x86_64                        4/11 
  Erasing          : sssd-ldap-1.16.3-2.fc28.x86_64                        5/11 
  Erasing          : python3-sssdconfig-1.16.3-2.fc28.noarch               6/11 
  Erasing          : sssd-krb5-common-1.16.3-2.fc28.x86_64                 7/11 
  Erasing          : sssd-common-pac-1.16.3-2.fc28.x86_64                  8/11 
  Erasing          : adcli-0.8.0-6.fc28.x86_64                             9/11 
  Running scriptlet: adcli-0.8.0-6.fc28.x86_64                             9/11 
  Erasing          : libipa_hbac-1.16.3-2.fc28.x86_64                     10/11 
  Running scriptlet: libipa_hbac-1.16.3-2.fc28.x86_64                     10/11 
  Erasing          : sssd-proxy-1.16.3-2.fc28.x86_64                      11/11 
  Running scriptlet: sssd-proxy-1.16.3-2.fc28.x86_64                      11/11 
  Verifying        : adcli-0.8.0-6.fc28.x86_64                             1/11 
  Verifying        : libipa_hbac-1.16.3-2.fc28.x86_64                      2/11 
  Verifying        : sssd-1.16.3-2.fc28.x86_64                             3/11 
  Verifying        : sssd-ad-1.16.3-2.fc28.x86_64                          4/11 
  Verifying        : python3-sssdconfig-1.16.3-2.fc28.noarch               5/11 
  Verifying        : sssd-common-pac-1.16.3-2.fc28.x86_64                  6/11 
  Verifying        : sssd-ipa-1.16.3-2.fc28.x86_64                         7/11 
  Verifying        : sssd-krb5-1.16.3-2.fc28.x86_64                        8/11 
  Verifying        : sssd-krb5-common-1.16.3-2.fc28.x86_64                 9/11 
  Verifying        : sssd-ldap-1.16.3-2.fc28.x86_64                       10/11 
  Verifying        : sssd-proxy-1.16.3-2.fc28.x86_64                      11/11 

Removed:
  sssd.x86_64 1.16.3-2.fc28           sssd-ipa.x86_64 1.16.3-2.fc28             
  sssd-ldap.x86_64 1.16.3-2.fc28      adcli.x86_64 0.8.0-6.fc28                 
  libipa_hbac.x86_64 1.16.3-2.fc28    python3-sssdconfig.noarch 1.16.3-2.fc28   
  sssd-ad.x86_64 1.16.3-2.fc28        sssd-common-pac.x86_64 1.16.3-2.fc28      
  sssd-krb5.x86_64 1.16.3-2.fc28      sssd-krb5-common.x86_64 1.16.3-2.fc28     
  sssd-proxy.x86_64 1.16.3-2.fc28    

Complete!
